<?xml version="1.0" encoding="UTF-8"?>
<!-- Generated by org.testng.reporters.JUnitReportReporter -->
<testsuite hostname="DESKTOP-CRR22JH" failures="0" tests="1" name="testCases.TC007_OrderPageTest" time="8.194" errors="0" timestamp="2024-09-26T15:43:53 IST" skipped="0">
  <testcase classname="testCases.TC007_OrderPageTest" name="verifyTotalPrice" time="8.194"/>
</testsuite> <!-- testCases.TC007_OrderPageTest -->
