<?xml version="1.0" encoding="UTF-8"?>
<!-- Generated by org.testng.reporters.JUnitReportReporter -->
<testsuite hostname="DESKTOP-CRR22JH" failures="0" tests="5" name="testCases.TC005_SearchResultPageTest" time="24.176" errors="0" timestamp="2024-09-26T18:33:42 IST" skipped="0">
  <testcase classname="testCases.TC005_SearchResultPageTest" name="verifyProductAvailability" time="4.186"/>
  <testcase classname="testCases.TC005_SearchResultPageTest" name="verifyProductAvailability" time="8.814"/>
  <testcase classname="testCases.TC005_SearchResultPageTest" name="verifyProductAvailability" time="4.660"/>
  <testcase classname="testCases.TC005_SearchResultPageTest" name="verifyProductAvailability" time="3.457"/>
  <testcase classname="testCases.TC005_SearchResultPageTest" name="verifyProductAvailability" time="3.059"/>
</testsuite> <!-- testCases.TC005_SearchResultPageTest -->
