<?xml version="1.0" encoding="UTF-8"?>
<!-- Generated by org.testng.reporters.JUnitReportReporter -->
<testsuite hostname="DESKTOP-CRR22JH" failures="0" tests="1" name="testCases.TC003_MyAccountPageTest" time="4.767" errors="0" timestamp="2024-09-26T12:17:55 IST" skipped="0">
  <testcase classname="testCases.TC003_MyAccountPageTest" name="verifyMyAccount" time="4.767"/>
</testsuite> <!-- testCases.TC003_MyAccountPageTest -->
